# JRE version: OpenJDK Runtime Environment Temurin-21.0.11+10 (21.0.11+10) (build 21.0.11+10-LTS)
# Java VM: OpenJDK 64-Bit Server VM Temurin-21.0.11+10 (21.0.11+10-LTS, mixed mode, sharing, tiered, compressed oops, compressed class ptrs, parallel gc, windows-amd64)
GC Precious Log:
 CardTable entry size: 512
 CPUs: 12 total, 12 available
 Memory: 15178M
 Large Page Support: Disabled
 NUMA Support: Disabled
 Compressed Oops: Enabled (32-bit)
 Alignments: Space 512K, Generation 512K, Heap 2M
 Heap Min Capacity: 100M
 Heap Initial Capacity: 100M
 Heap Max Capacity: 2G
 Pre-touch: Disabled
 Parallel Workers: 10
Heap:
 PSYoungGen      total 8192K, used 7384K [0x00000000d5580000, 0x00000000d5e80000, 0x0000000100000000)
  eden space 7168K, 89% used [0x00000000d5580000,0x00000000d5bc6100,0x00000000d5c80000)
  from space 1024K, 93% used [0x00000000d5c80000,0x00000000d5d70000,0x00000000d5d80000)
  to   space 1024K, 0% used [0x00000000d5d80000,0x00000000d5d80000,0x00000000d5e80000)
 ParOldGen       total 424960K, used 424666K [0x0000000080000000, 0x0000000099f00000, 0x00000000d5580000)
  object space 424960K, 99% used [0x0000000080000000,0x0000000099eb6a98,0x0000000099f00000)
 Metaspace       used 66408K, committed 68032K, reserved 1114112K
  class space    used 7136K, committed 7808K, reserved 1048576K
GC Heap History (20 events):
Event: 91.650 GC heap after
{Heap after GC invocations=485 (full 3):
 PSYoungGen      total 7168K, used 886K [0x00000000d5580000, 0x00000000d5e00000, 0x0000000100000000)
  eden space 6144K, 0% used [0x00000000d5580000,0x00000000d5580000,0x00000000d5b80000)
  from space 1024K, 86% used [0x00000000d5d00000,0x00000000d5ddd808,0x00000000d5e00000)
  to   space 1024K, 0% used [0x00000000d5c00000,0x00000000d5c00000,0x00000000d5d00000)
 ParOldGen       total 416256K, used 416044K [0x0000000080000000, 0x0000000099680000, 0x00000000d5580000)
  object space 416256K, 99% used [0x0000000080000000,0x000000009964b028,0x0000000099680000)
 Metaspace       used 66404K, committed 68032K, reserved 1114112K
  class space    used 7136K, committed 7808K, reserved 1048576K
}
Event: 91.675 GC heap before
{Heap before GC invocations=486 (full 3):
 PSYoungGen      total 7168K, used 7030K [0x00000000d5580000, 0x00000000d5e00000, 0x0000000100000000)
  eden space 6144K, 100% used [0x00000000d5580000,0x00000000d5b80000,0x00000000d5b80000)
  from space 1024K, 86% used [0x00000000d5d00000,0x00000000d5ddd808,0x00000000d5e00000)
  to   space 1024K, 0% used [0x00000000d5c00000,0x00000000d5c00000,0x00000000d5d00000)
 ParOldGen       total 416256K, used 416044K [0x0000000080000000, 0x0000000099680000, 0x00000000d5580000)
  object space 416256K, 99% used [0x0000000080000000,0x000000009964b028,0x0000000099680000)
 Metaspace       used 66404K, committed 68032K, reserved 1114112K
  class space    used 7136K, committed 7808K, reserved 1048576K
}
Event: 91.678 GC heap after
{Heap after GC invocations=486 (full 3):
 PSYoungGen      total 7168K, used 864K [0x00000000d5580000, 0x00000000d5d80000, 0x0000000100000000)
  eden space 6144K, 0% used [0x00000000d5580000,0x00000000d5580000,0x00000000d5b80000)
  from space 1024K, 84% used [0x00000000d5c00000,0x00000000d5cd8000,0x00000000d5d00000)
  to   space 512K, 0% used [0x00000000d5d00000,0x00000000d5d00000,0x00000000d5d80000)
 ParOldGen       total 417280K, used 416826K [0x0000000080000000, 0x0000000099780000, 0x00000000d5580000)
  object space 417280K, 99% used [0x0000000080000000,0x000000009970e830,0x0000000099780000)
 Metaspace       used 66404K, committed 68032K, reserved 1114112K
  class space    used 7136K, committed 7808K, reserved 1048576K
}
Event: 91.700 GC heap before
{Heap before GC invocations=487 (full 3):
 PSYoungGen      total 7168K, used 7008K [0x00000000d5580000, 0x00000000d5d80000, 0x0000000100000000)
  eden space 6144K, 100% used [0x00000000d5580000,0x00000000d5b80000,0x00000000d5b80000)
  from space 1024K, 84% used [0x00000000d5c00000,0x00000000d5cd8000,0x00000000d5d00000)
  to   space 512K, 0% used [0x00000000d5d00000,0x00000000d5d00000,0x00000000d5d80000)
 ParOldGen       total 417280K, used 416826K [0x0000000080000000, 0x0000000099780000, 0x00000000d5580000)
  object space 417280K, 99% used [0x0000000080000000,0x000000009970e830,0x0000000099780000)
 Metaspace       used 66406K, committed 68032K, reserved 1114112K
  class space    used 7136K, committed 7808K, reserved 1048576K
}
Event: 91.702 GC heap after
{Heap after GC invocations=487 (full 3):
 PSYoungGen      total 6144K, used 492K [0x00000000d5580000, 0x00000000d5f80000, 0x0000000100000000)
  eden space 5632K, 0% used [0x00000000d5580000,0x00000000d5580000,0x00000000d5b00000)
  from space 512K, 96% used [0x00000000d5d00000,0x00000000d5d7b008,0x00000000d5d80000)
  to   space 2048K, 0% used [0x00000000d5b00000,0x00000000d5b00000,0x00000000d5d00000)
 ParOldGen       total 418304K, used 417858K [0x0000000080000000, 0x0000000099880000, 0x00000000d5580000)
  object space 418304K, 99% used [0x0000000080000000,0x0000000099810830,0x0000000099880000)
 Metaspace       used 66406K, committed 68032K, reserved 1114112K
  class space    used 7136K, committed 7808K, reserved 1048576K
}
Event: 91.719 GC heap before
{Heap before GC invocations=488 (full 3):
 PSYoungGen      total 6144K, used 6124K [0x00000000d5580000, 0x00000000d5f80000, 0x0000000100000000)
  eden space 5632K, 100% used [0x00000000d5580000,0x00000000d5b00000,0x00000000d5b00000)
  from space 512K, 96% used [0x00000000d5d00000,0x00000000d5d7b008,0x00000000d5d80000)
  to   space 2048K, 0% used [0x00000000d5b00000,0x00000000d5b00000,0x00000000d5d00000)
 ParOldGen       total 418304K, used 417858K [0x0000000080000000, 0x0000000099880000, 0x00000000d5580000)
  object space 418304K, 99% used [0x0000000080000000,0x0000000099810830,0x0000000099880000)
 Metaspace       used 66406K, committed 68032K, reserved 1114112K
  class space    used 7136K, committed 7808K, reserved 1048576K
}
Event: 91.722 GC heap after
{Heap after GC invocations=488 (full 3):
 PSYoungGen      total 6656K, used 800K [0x00000000d5580000, 0x00000000d5e00000, 0x0000000100000000)
  eden space 5632K, 0% used [0x00000000d5580000,0x00000000d5580000,0x00000000d5b00000)
  from space 1024K, 78% used [0x00000000d5b00000,0x00000000d5bc8000,0x00000000d5c00000)
  to   space 1536K, 0% used [0x00000000d5c80000,0x00000000d5c80000,0x00000000d5e00000)
 ParOldGen       total 418816K, used 418374K [0x0000000080000000, 0x0000000099900000, 0x00000000d5580000)
  object space 418816K, 99% used [0x0000000080000000,0x0000000099891838,0x0000000099900000)
 Metaspace       used 66406K, committed 68032K, reserved 1114112K
  class space    used 7136K, committed 7808K, reserved 1048576K
}
Event: 91.740 GC heap before
{Heap before GC invocations=489 (full 3):
 PSYoungGen      total 6656K, used 6432K [0x00000000d5580000, 0x00000000d5e00000, 0x0000000100000000)
  eden space 5632K, 100% used [0x00000000d5580000,0x00000000d5b00000,0x00000000d5b00000)
  from space 1024K, 78% used [0x00000000d5b00000,0x00000000d5bc8000,0x00000000d5c00000)
  to   space 1536K, 0% used [0x00000000d5c80000,0x00000000d5c80000,0x00000000d5e00000)
 ParOldGen       total 418816K, used 418374K [0x0000000080000000, 0x0000000099900000, 0x00000000d5580000)
  object space 418816K, 99% used [0x0000000080000000,0x0000000099891838,0x0000000099900000)
 Metaspace       used 66406K, committed 68032K, reserved 1114112K
  class space    used 7136K, committed 7808K, reserved 1048576K
}
Event: 91.742 GC heap after
{Heap after GC invocations=489 (full 3):
 PSYoungGen      total 6656K, used 832K [0x00000000d5580000, 0x00000000d5d80000, 0x0000000100000000)
  eden space 5632K, 0% used [0x00000000d5580000,0x00000000d5580000,0x00000000d5b00000)
  from space 1024K, 81% used [0x00000000d5c80000,0x00000000d5d50000,0x00000000d5d80000)
  to   space 1024K, 0% used [0x00000000d5b00000,0x00000000d5b00000,0x00000000d5c00000)
 ParOldGen       total 419328K, used 418998K [0x0000000080000000, 0x0000000099980000, 0x00000000d5580000)
  object space 419328K, 99% used [0x0000000080000000,0x000000009992d838,0x0000000099980000)
 Metaspace       used 66406K, committed 68032K, reserved 1114112K
  class space    used 7136K, committed 7808K, reserved 1048576K
}
Event: 91.762 GC heap before
{Heap before GC invocations=490 (full 3):
 PSYoungGen      total 6656K, used 6464K [0x00000000d5580000, 0x00000000d5d80000, 0x0000000100000000)
  eden space 5632K, 100% used [0x00000000d5580000,0x00000000d5b00000,0x00000000d5b00000)
  from space 1024K, 81% used [0x00000000d5c80000,0x00000000d5d50000,0x00000000d5d80000)
  to   space 1024K, 0% used [0x00000000d5b00000,0x00000000d5b00000,0x00000000d5c00000)
 ParOldGen       total 419328K, used 418998K [0x0000000080000000, 0x0000000099980000, 0x00000000d5580000)
  object space 419328K, 99% used [0x0000000080000000,0x000000009992d838,0x0000000099980000)
 Metaspace       used 66406K, committed 68032K, reserved 1114112K
  class space    used 7136K, committed 7808K, reserved 1048576K
}
Event: 91.765 GC heap after
{Heap after GC invocations=490 (full 3):
 PSYoungGen      total 6656K, used 800K [0x00000000d5580000, 0x00000000d5d00000, 0x0000000100000000)
  eden space 5632K, 0% used [0x00000000d5580000,0x00000000d5580000,0x00000000d5b00000)
  from space 1024K, 78% used [0x00000000d5b00000,0x00000000d5bc8000,0x00000000d5c00000)
  to   space 1024K, 0% used [0x00000000d5c00000,0x00000000d5c00000,0x00000000d5d00000)
 ParOldGen       total 419840K, used 419675K [0x0000000080000000, 0x0000000099a00000, 0x00000000d5580000)
  object space 419840K, 99% used [0x0000000080000000,0x00000000999d6e48,0x0000000099a00000)
 Metaspace       used 66406K, committed 68032K, reserved 1114112K
  class space    used 7136K, committed 7808K, reserved 1048576K
}
Event: 91.977 GC heap before
{Heap before GC invocations=491 (full 3):
 PSYoungGen      total 6656K, used 6432K [0x00000000d5580000, 0x00000000d5d00000, 0x0000000100000000)
  eden space 5632K, 100% used [0x00000000d5580000,0x00000000d5b00000,0x00000000d5b00000)
  from space 1024K, 78% used [0x00000000d5b00000,0x00000000d5bc8000,0x00000000d5c00000)
  to   space 1024K, 0% used [0x00000000d5c00000,0x00000000d5c00000,0x00000000d5d00000)
 ParOldGen       total 419840K, used 419675K [0x0000000080000000, 0x0000000099a00000, 0x00000000d5580000)
  object space 419840K, 99% used [0x0000000080000000,0x00000000999d6e48,0x0000000099a00000)
 Metaspace       used 66407K, committed 68032K, reserved 1114112K
  class space    used 7136K, committed 7808K, reserved 1048576K
}
Event: 91.979 GC heap after
{Heap after GC invocations=491 (full 3):
 PSYoungGen      total 6656K, used 678K [0x00000000d5580000, 0x00000000d5d00000, 0x0000000100000000)
  eden space 5632K, 0% used [0x00000000d5580000,0x00000000d5580000,0x00000000d5b00000)
  from space 1024K, 66% used [0x00000000d5c00000,0x00000000d5ca9bc0,0x00000000d5d00000)
  to   space 1024K, 0% used [0x00000000d5b00000,0x00000000d5b00000,0x00000000d5c00000)
 ParOldGen       total 420352K, used 420307K [0x0000000080000000, 0x0000000099a80000, 0x00000000d5580000)
  object space 420352K, 99% used [0x0000000080000000,0x0000000099a74e48,0x0000000099a80000)
 Metaspace       used 66407K, committed 68032K, reserved 1114112K
  class space    used 7136K, committed 7808K, reserved 1048576K
}
Event: 91.997 GC heap before
{Heap before GC invocations=492 (full 3):
 PSYoungGen      total 6656K, used 6310K [0x00000000d5580000, 0x00000000d5d00000, 0x0000000100000000)
  eden space 5632K, 100% used [0x00000000d5580000,0x00000000d5b00000,0x00000000d5b00000)
  from space 1024K, 66% used [0x00000000d5c00000,0x00000000d5ca9bc0,0x00000000d5d00000)
  to   space 1024K, 0% used [0x00000000d5b00000,0x00000000d5b00000,0x00000000d5c00000)
 ParOldGen       total 420352K, used 420307K [0x0000000080000000, 0x0000000099a80000, 0x00000000d5580000)
  object space 420352K, 99% used [0x0000000080000000,0x0000000099a74e48,0x0000000099a80000)
 Metaspace       used 66407K, committed 68032K, reserved 1114112K
  class space    used 7136K, committed 7808K, reserved 1048576K
}
Event: 91.999 GC heap after
{Heap after GC invocations=492 (full 3):
 PSYoungGen      total 6656K, used 827K [0x00000000d5580000, 0x00000000d5d00000, 0x0000000100000000)
  eden space 5632K, 0% used [0x00000000d5580000,0x00000000d5580000,0x00000000d5b00000)
  from space 1024K, 80% used [0x00000000d5b00000,0x00000000d5bcec08,0x00000000d5c00000)
  to   space 1024K, 0% used [0x00000000d5c00000,0x00000000d5c00000,0x00000000d5d00000)
 ParOldGen       total 420864K, used 420849K [0x0000000080000000, 0x0000000099b00000, 0x00000000d5580000)
  object space 420864K, 99% used [0x0000000080000000,0x0000000099afc780,0x0000000099b00000)
 Metaspace       used 66407K, committed 68032K, reserved 1114112K
  class space    used 7136K, committed 7808K, reserved 1048576K
}
Event: 92.018 GC heap before
{Heap before GC invocations=493 (full 3):
 PSYoungGen      total 6656K, used 6459K [0x00000000d5580000, 0x00000000d5d00000, 0x0000000100000000)
  eden space 5632K, 100% used [0x00000000d5580000,0x00000000d5b00000,0x00000000d5b00000)
  from space 1024K, 80% used [0x00000000d5b00000,0x00000000d5bcec08,0x00000000d5c00000)
  to   space 1024K, 0% used [0x00000000d5c00000,0x00000000d5c00000,0x00000000d5d00000)
 ParOldGen       total 420864K, used 420849K [0x0000000080000000, 0x0000000099b00000, 0x00000000d5580000)
  object space 420864K, 99% used [0x0000000080000000,0x0000000099afc780,0x0000000099b00000)
 Metaspace       used 66407K, committed 68032K, reserved 1114112K
  class space    used 7136K, committed 7808K, reserved 1048576K
}
Event: 92.019 GC heap after
{Heap after GC invocations=493 (full 3):
 PSYoungGen      total 6656K, used 790K [0x00000000d5580000, 0x00000000d5d00000, 0x0000000100000000)
  eden space 5632K, 0% used [0x00000000d5580000,0x00000000d5580000,0x00000000d5b00000)
  from space 1024K, 77% used [0x00000000d5c00000,0x00000000d5cc5808,0x00000000d5d00000)
  to   space 1024K, 0% used [0x00000000d5b00000,0x00000000d5b00000,0x00000000d5c00000)
 ParOldGen       total 421888K, used 421513K [0x0000000080000000, 0x0000000099c00000, 0x00000000d5580000)
  object space 421888K, 99% used [0x0000000080000000,0x0000000099ba2780,0x0000000099c00000)
 Metaspace       used 66407K, committed 68032K, reserved 1114112K
  class space    used 7136K, committed 7808K, reserved 1048576K
}
Event: 92.035 GC heap before
{Heap before GC invocations=494 (full 3):
 PSYoungGen      total 6656K, used 6422K [0x00000000d5580000, 0x00000000d5d00000, 0x0000000100000000)
  eden space 5632K, 100% used [0x00000000d5580000,0x00000000d5b00000,0x00000000d5b00000)
  from space 1024K, 77% used [0x00000000d5c00000,0x00000000d5cc5808,0x00000000d5d00000)
  to   space 1024K, 0% used [0x00000000d5b00000,0x00000000d5b00000,0x00000000d5c00000)
 ParOldGen       total 421888K, used 421513K [0x0000000080000000, 0x0000000099c00000, 0x00000000d5580000)
  object space 421888K, 99% used [0x0000000080000000,0x0000000099ba2780,0x0000000099c00000)
 Metaspace       used 66407K, committed 68032K, reserved 1114112K
  class space    used 7136K, committed 7808K, reserved 1048576K
}
Event: 92.037 GC heap after
{Heap after GC invocations=494 (full 3):
 PSYoungGen      total 6656K, used 640K [0x00000000d5580000, 0x00000000d5d00000, 0x0000000100000000)
  eden space 5632K, 0% used [0x00000000d5580000,0x00000000d5580000,0x00000000d5b00000)
  from space 1024K, 62% used [0x00000000d5b00000,0x00000000d5ba0000,0x00000000d5c00000)
  to   space 1024K, 0% used [0x00000000d5c00000,0x00000000d5c00000,0x00000000d5d00000)
 ParOldGen       total 422400K, used 422167K [0x0000000080000000, 0x0000000099c80000, 0x00000000d5580000)
  object space 422400K, 99% used [0x0000000080000000,0x0000000099c45f88,0x0000000099c80000)
 Metaspace       used 66407K, committed 68032K, reserved 1114112K
  class space    used 7136K, committed 7808K, reserved 1048576K
}
Event: 92.056 GC heap before
{Heap before GC invocations=495 (full 3):
 PSYoungGen      total 6656K, used 6267K [0x00000000d5580000, 0x00000000d5d00000, 0x0000000100000000)
  eden space 5632K, 99% used [0x00000000d5580000,0x00000000d5afef98,0x00000000d5b00000)
  from space 1024K, 62% used [0x00000000d5b00000,0x00000000d5ba0000,0x00000000d5c00000)
  to   space 1024K, 0% used [0x00000000d5c00000,0x00000000d5c00000,0x00000000d5d00000)
 ParOldGen       total 422400K, used 422167K [0x0000000080000000, 0x0000000099c80000, 0x00000000d5580000)
  object space 422400K, 99% used [0x0000000080000000,0x0000000099c45f88,0x0000000099c80000)
 Metaspace       used 66407K, committed 68032K, reserved 1114112K
  class space    used 7136K, committed 7808K, reserved 1048576K
}

